This file contains any messages produced by compilers while
running configure, to aid debugging if configure makes a mistake.

It was created by MPEG Audio Decoder configure 0.15.1b, which was
generated by GNU Autoconf 2.67.  Invocation command line was

  $ /C/Users/psastras/Projects/osu/core/3rdparty/mad/configure --prefix=C:/Users/psastras/Projects/osu/core/3rdparty/install

## --------- ##
## Platform. ##
## --------- ##

hostname = psastras-PC
uname -m = i686
uname -r = 1.0.12(0.46/3/2)
uname -s = MINGW32_NT-6.1
uname -v = 2011-05-22 01:19

/usr/bin/uname -p = unknown
/bin/uname -X     = unknown

/bin/arch              = unknown
/usr/bin/arch -k       = unknown
/usr/convex/getsysinfo = unknown
/usr/bin/hostinfo      = unknown
/bin/machine           = unknown
/usr/bin/oslevel       = unknown
/bin/universe          = unknown

PATH: /c/Users/psastras/bin
PATH: .
PATH: /usr/local/bin
PATH: /mingw/bin
PATH: /bin
PATH: /c/msysgit/msysgit/bin
PATH: /c/Program Files (x86)/NVIDIA Corporation/PhysX/Common
PATH: /c/Windows/system32
PATH: /c/Windows
PATH: /c/Windows/System32/Wbem
PATH: /c/Windows/System32/WindowsPowerShell/v1.0/
PATH: /c/Program Files (x86)/CMake 2.8/bin
PATH: /c/QtSDK/mingw/bin
PATH: /c/msys/1.0/bin
PATH: /c/QtSDK/Desktop/Qt/4.7.4/mingw/bin


## ----------- ##
## Core tests. ##
## ----------- ##

configure:2896: checking for a BSD-compatible install
configure:2964: result: /C/Users/psastras/Projects/osu/core/3rdparty/mad/install-sh -c
configure:2975: checking whether build environment is sane
configure:3012: result: yes
configure:3066: checking for gawk
configure:3082: found /bin/gawk
configure:3093: result: gawk
configure:3104: checking whether make sets $(MAKE)
configure:3126: result: yes
configure:3309: checking build system type
configure:3323: result: i686-pc-mingw32
configure:3343: checking host system type
configure:3356: result: i686-pc-mingw32
configure:3426: checking for gcc
configure:3442: found /c/QtSDK/mingw/bin/gcc
configure:3453: result: gcc
configure:3682: checking for C compiler version
configure:3691: gcc --version >&5
gcc.exe (GCC) 4.4.0
Copyright (C) 2009 Free Software Foundation, Inc.
This is free software; see the source for copying conditions.  There is NO
warranty; not even for MERCHANTABILITY or FITNESS FOR A PARTICULAR PURPOSE.

configure:3702: $? = 0
configure:3691: gcc -v >&5
Using built-in specs.
Target: mingw32
Configured with: ../gcc-4.4.0/configure --enable-languages=c,ada,c++,fortran,java,objc,obj-c++ --disable-sjlj-exceptions --enable-shared --enable-libgcj --enable-libgomp --with-dwarf2 --disable-win32-registry --enable-libstdcxx-debug --enable-version-specific-runtime-libs --prefix=/mingw --with-gmp=/mingw/src/gmp/root --with-mpfr=/mingw/src/mpfr/root --build=mingw32
Thread model: win32
gcc version 4.4.0 (GCC) 
configure:3702: $? = 0
configure:3691: gcc -V >&5
gcc.exe: '-V' option must have argument
configure:3702: $? = 1
configure:3691: gcc -qversion >&5
gcc.exe: unrecognized option '-qversion'
gcc.exe: no input files
configure:3702: $? = 1
configure:3722: checking whether the C compiler works
configure:3744: gcc    conftest.c  >&5
configure:3748: $? = 0
configure:3796: result: yes
configure:3799: checking for C compiler default output file name
configure:3801: result: a.exe
configure:3807: checking for suffix of executables
configure:3814: gcc -o conftest.exe    conftest.c  >&5
configure:3818: $? = 0
configure:3840: result: .exe
configure:3862: checking whether we are cross compiling
configure:3870: gcc -o conftest.exe    conftest.c  >&5
configure:3874: $? = 0
configure:3881: ./conftest.exe
configure:3885: $? = 0
configure:3900: result: no
configure:3905: checking for suffix of object files
configure:3927: gcc -c   conftest.c >&5
configure:3931: $? = 0
configure:3952: result: o
configure:3956: checking whether we are using the GNU C compiler
configure:3975: gcc -c   conftest.c >&5
configure:3975: $? = 0
configure:3984: result: yes
configure:3993: checking whether gcc accepts -g
configure:4013: gcc -c -g  conftest.c >&5
configure:4013: $? = 0
configure:4054: result: yes
configure:4071: checking for gcc option to accept ISO C89
configure:4135: gcc  -c -g -O2  conftest.c >&5
configure:4135: $? = 0
configure:4148: result: none needed
configure:4179: checking for style of include used by make
configure:4207: result: GNU
configure:4235: checking dependency style of gcc
configure:4318: result: gcc3
configure:4430: checking for a sed that does not truncate output
configure:4484: result: /bin/sed
configure:4487: checking for grep that handles long lines and -e
configure:4545: result: /bin/grep
configure:4550: checking for egrep
configure:4612: result: /bin/grep -E
configure:4628: checking for ld used by gcc
configure:4695: result: c:/qtsdk/mingw/mingw32/bin/ld.exe
configure:4702: checking if the linker (c:/qtsdk/mingw/mingw32/bin/ld.exe) is GNU ld
configure:4717: result: yes
configure:4722: checking for c:/qtsdk/mingw/mingw32/bin/ld.exe option to reload object files
configure:4729: result: -r
configure:4738: checking for BSD-compatible nm
configure:4780: result: /c/QtSDK/mingw/bin/nm
configure:4784: checking whether ln -s works
configure:4791: result: no, using cp -p
configure:4795: checking how to recognise dependent libraries
configure:4969: result: file_magic file format pei*-i386(.*architecture: i386)?
configure:5155: checking how to run the C preprocessor
configure:5186: gcc -E  conftest.c
configure:5186: $? = 0
configure:5200: gcc -E  conftest.c
conftest.c:11:28: error: ac_nonexistent.h: No such file or directory
configure:5200: $? = 1
configure: failed program was:
| /* confdefs.h */
| #define PACKAGE_NAME "MPEG Audio Decoder"
| #define PACKAGE_TARNAME "libmad"
| #define PACKAGE_VERSION "0.15.1b"
| #define PACKAGE_STRING "MPEG Audio Decoder 0.15.1b"
| #define PACKAGE_BUGREPORT "support@underbit.com"
| #define PACKAGE_URL ""
| #define PACKAGE "libmad"
| #define VERSION "0.15.1b"
| /* end confdefs.h.  */
| #include <ac_nonexistent.h>
configure:5225: result: gcc -E
configure:5245: gcc -E  conftest.c
configure:5245: $? = 0
configure:5259: gcc -E  conftest.c
conftest.c:11:28: error: ac_nonexistent.h: No such file or directory
configure:5259: $? = 1
configure: failed program was:
| /* confdefs.h */
| #define PACKAGE_NAME "MPEG Audio Decoder"
| #define PACKAGE_TARNAME "libmad"
| #define PACKAGE_VERSION "0.15.1b"
| #define PACKAGE_STRING "MPEG Audio Decoder 0.15.1b"
| #define PACKAGE_BUGREPORT "support@underbit.com"
| #define PACKAGE_URL ""
| #define PACKAGE "libmad"
| #define VERSION "0.15.1b"
| /* end confdefs.h.  */
| #include <ac_nonexistent.h>
configure:5288: checking for ANSI C header files
configure:5308: gcc -c -g -O2  conftest.c >&5
configure:5308: $? = 0
configure:5381: gcc -o conftest.exe -g -O2   conftest.c  >&5
configure:5381: $? = 0
configure:5381: ./conftest.exe
configure:5381: $? = 0
configure:5392: result: yes
configure:5405: checking for sys/types.h
configure:5405: gcc -c -g -O2  conftest.c >&5
configure:5405: $? = 0
configure:5405: result: yes
configure:5405: checking for sys/stat.h
configure:5405: gcc -c -g -O2  conftest.c >&5
configure:5405: $? = 0
configure:5405: result: yes
configure:5405: checking for stdlib.h
configure:5405: gcc -c -g -O2  conftest.c >&5
configure:5405: $? = 0
configure:5405: result: yes
configure:5405: checking for string.h
configure:5405: gcc -c -g -O2  conftest.c >&5
configure:5405: $? = 0
configure:5405: result: yes
configure:5405: checking for memory.h
configure:5405: gcc -c -g -O2  conftest.c >&5
configure:5405: $? = 0
configure:5405: result: yes
configure:5405: checking for strings.h
configure:5405: gcc -c -g -O2  conftest.c >&5
configure:5405: $? = 0
configure:5405: result: yes
configure:5405: checking for inttypes.h
configure:5405: gcc -c -g -O2  conftest.c >&5
configure:5405: $? = 0
configure:5405: result: yes
configure:5405: checking for stdint.h
configure:5405: gcc -c -g -O2  conftest.c >&5
configure:5405: $? = 0
configure:5405: result: yes
configure:5405: checking for unistd.h
configure:5405: gcc -c -g -O2  conftest.c >&5
configure:5405: $? = 0
configure:5405: result: yes
configure:5419: checking dlfcn.h usability
configure:5419: gcc -c -g -O2  conftest.c >&5
conftest.c:54:19: error: dlfcn.h: No such file or directory
configure:5419: $? = 1
configure: failed program was:
| /* confdefs.h */
| #define PACKAGE_NAME "MPEG Audio Decoder"
| #define PACKAGE_TARNAME "libmad"
| #define PACKAGE_VERSION "0.15.1b"
| #define PACKAGE_STRING "MPEG Audio Decoder 0.15.1b"
| #define PACKAGE_BUGREPORT "support@underbit.com"
| #define PACKAGE_URL ""
| #define PACKAGE "libmad"
| #define VERSION "0.15.1b"
| #define STDC_HEADERS 1
| #define HAVE_SYS_TYPES_H 1
| #define HAVE_SYS_STAT_H 1
| #define HAVE_STDLIB_H 1
| #define HAVE_STRING_H 1
| #define HAVE_MEMORY_H 1
| #define HAVE_STRINGS_H 1
| #define HAVE_INTTYPES_H 1
| #define HAVE_STDINT_H 1
| #define HAVE_UNISTD_H 1
| /* end confdefs.h.  */
| #include <stdio.h>
| #ifdef HAVE_SYS_TYPES_H
| # include <sys/types.h>
| #endif
| #ifdef HAVE_SYS_STAT_H
| # include <sys/stat.h>
| #endif
| #ifdef STDC_HEADERS
| # include <stdlib.h>
| # include <stddef.h>
| #else
| # ifdef HAVE_STDLIB_H
| #  include <stdlib.h>
| # endif
| #endif
| #ifdef HAVE_STRING_H
| # if !defined STDC_HEADERS && defined HAVE_MEMORY_H
| #  include <memory.h>
| # endif
| # include <string.h>
| #endif
| #ifdef HAVE_STRINGS_H
| # include <strings.h>
| #endif
| #ifdef HAVE_INTTYPES_H
| # include <inttypes.h>
| #endif
| #ifdef HAVE_STDINT_H
| # include <stdint.h>
| #endif
| #ifdef HAVE_UNISTD_H
| # include <unistd.h>
| #endif
| #include <dlfcn.h>
configure:5419: result: no
configure:5419: checking dlfcn.h presence
configure:5419: gcc -E  conftest.c
conftest.c:21:19: error: dlfcn.h: No such file or directory
configure:5419: $? = 1
configure: failed program was:
| /* confdefs.h */
| #define PACKAGE_NAME "MPEG Audio Decoder"
| #define PACKAGE_TARNAME "libmad"
| #define PACKAGE_VERSION "0.15.1b"
| #define PACKAGE_STRING "MPEG Audio Decoder 0.15.1b"
| #define PACKAGE_BUGREPORT "support@underbit.com"
| #define PACKAGE_URL ""
| #define PACKAGE "libmad"
| #define VERSION "0.15.1b"
| #define STDC_HEADERS 1
| #define HAVE_SYS_TYPES_H 1
| #define HAVE_SYS_STAT_H 1
| #define HAVE_STDLIB_H 1
| #define HAVE_STRING_H 1
| #define HAVE_MEMORY_H 1
| #define HAVE_STRINGS_H 1
| #define HAVE_INTTYPES_H 1
| #define HAVE_STDINT_H 1
| #define HAVE_UNISTD_H 1
| /* end confdefs.h.  */
| #include <dlfcn.h>
configure:5419: result: no
configure:5419: checking for dlfcn.h
configure:5419: result: no
configure:5487: checking for g++
configure:5503: found /c/QtSDK/mingw/bin/g++
configure:5514: result: g++
configure:5541: checking for C++ compiler version
configure:5550: g++ --version >&5
g++.exe (GCC) 4.4.0
Copyright (C) 2009 Free Software Foundation, Inc.
This is free software; see the source for copying conditions.  There is NO
warranty; not even for MERCHANTABILITY or FITNESS FOR A PARTICULAR PURPOSE.

configure:5561: $? = 0
configure:5550: g++ -v >&5
Using built-in specs.
Target: mingw32
Configured with: ../gcc-4.4.0/configure --enable-languages=c,ada,c++,fortran,java,objc,obj-c++ --disable-sjlj-exceptions --enable-shared --enable-libgcj --enable-libgomp --with-dwarf2 --disable-win32-registry --enable-libstdcxx-debug --enable-version-specific-runtime-libs --prefix=/mingw --with-gmp=/mingw/src/gmp/root --with-mpfr=/mingw/src/mpfr/root --build=mingw32
Thread model: win32
gcc version 4.4.0 (GCC) 
configure:5561: $? = 0
configure:5550: g++ -V >&5
g++.exe: '-V' option must have argument
configure:5561: $? = 1
configure:5550: g++ -qversion >&5
g++.exe: unrecognized option '-qversion'
g++.exe: no input files
configure:5561: $? = 1
configure:5565: checking whether we are using the GNU C++ compiler
configure:5584: g++ -c   conftest.cpp >&5
configure:5584: $? = 0
configure:5593: result: yes
configure:5602: checking whether g++ accepts -g
configure:5622: g++ -c -g  conftest.cpp >&5
configure:5622: $? = 0
configure:5663: result: yes
configure:5688: checking dependency style of g++
configure:5771: result: gcc3
configure:5793: checking how to run the C++ preprocessor
configure:5820: g++ -E  conftest.cpp
configure:5820: $? = 0
configure:5834: g++ -E  conftest.cpp
conftest.cpp:21:28: error: ac_nonexistent.h: No such file or directory
configure:5834: $? = 1
configure: failed program was:
| /* confdefs.h */
| #define PACKAGE_NAME "MPEG Audio Decoder"
| #define PACKAGE_TARNAME "libmad"
| #define PACKAGE_VERSION "0.15.1b"
| #define PACKAGE_STRING "MPEG Audio Decoder 0.15.1b"
| #define PACKAGE_BUGREPORT "support@underbit.com"
| #define PACKAGE_URL ""
| #define PACKAGE "libmad"
| #define VERSION "0.15.1b"
| #define STDC_HEADERS 1
| #define HAVE_SYS_TYPES_H 1
| #define HAVE_SYS_STAT_H 1
| #define HAVE_STDLIB_H 1
| #define HAVE_STRING_H 1
| #define HAVE_MEMORY_H 1
| #define HAVE_STRINGS_H 1
| #define HAVE_INTTYPES_H 1
| #define HAVE_STDINT_H 1
| #define HAVE_UNISTD_H 1
| /* end confdefs.h.  */
| #include <ac_nonexistent.h>
configure:5859: result: g++ -E
configure:5879: g++ -E  conftest.cpp
configure:5879: $? = 0
configure:5893: g++ -E  conftest.cpp
conftest.cpp:21:28: error: ac_nonexistent.h: No such file or directory
configure:5893: $? = 1
configure: failed program was:
| /* confdefs.h */
| #define PACKAGE_NAME "MPEG Audio Decoder"
| #define PACKAGE_TARNAME "libmad"
| #define PACKAGE_VERSION "0.15.1b"
| #define PACKAGE_STRING "MPEG Audio Decoder 0.15.1b"
| #define PACKAGE_BUGREPORT "support@underbit.com"
| #define PACKAGE_URL ""
| #define PACKAGE "libmad"
| #define VERSION "0.15.1b"
| #define STDC_HEADERS 1
| #define HAVE_SYS_TYPES_H 1
| #define HAVE_SYS_STAT_H 1
| #define HAVE_STDLIB_H 1
| #define HAVE_STRING_H 1
| #define HAVE_MEMORY_H 1
| #define HAVE_STRINGS_H 1
| #define HAVE_INTTYPES_H 1
| #define HAVE_STDINT_H 1
| #define HAVE_UNISTD_H 1
| /* end confdefs.h.  */
| #include <ac_nonexistent.h>
configure:5975: checking for g77
configure:6005: result: no
configure:5975: checking for xlf
configure:6005: result: no
configure:5975: checking for f77
configure:6005: result: no
configure:5975: checking for frt
configure:6005: result: no
configure:5975: checking for pgf77
configure:6005: result: no
configure:5975: checking for cf77
configure:6005: result: no
configure:5975: checking for fort77
configure:6005: result: no
configure:5975: checking for fl32
configure:6005: result: no
configure:5975: checking for af77
configure:6005: result: no
configure:5975: checking for xlf90
configure:6005: result: no
configure:5975: checking for f90
configure:6005: result: no
configure:5975: checking for pgf90
configure:6005: result: no
configure:5975: checking for pghpf
configure:6005: result: no
configure:5975: checking for epcf90
configure:6005: result: no
configure:5975: checking for gfortran
configure:6005: result: no
configure:5975: checking for g95
configure:6005: result: no
configure:5975: checking for xlf95
configure:6005: result: no
configure:5975: checking for f95
configure:6005: result: no
configure:5975: checking for fort
configure:6005: result: no
configure:5975: checking for ifort
configure:6005: result: no
configure:5975: checking for ifc
configure:6005: result: no
configure:5975: checking for efc
configure:6005: result: no
configure:5975: checking for pgfortran
configure:6005: result: no
configure:5975: checking for pgf95
configure:6005: result: no
configure:5975: checking for lf95
configure:6005: result: no
configure:5975: checking for ftn
configure:6005: result: no
configure:6028: checking for Fortran 77 compiler version
configure:6037:  --version >&5
/C/Users/psastras/Projects/osu/core/3rdparty/mad/configure: line 6039: --version: command not found
configure:6048: $? = 127
configure:6037:  -v >&5
/C/Users/psastras/Projects/osu/core/3rdparty/mad/configure: line 6039: -v: command not found
configure:6048: $? = 127
configure:6037:  -V >&5
/C/Users/psastras/Projects/osu/core/3rdparty/mad/configure: line 6039: -V: command not found
configure:6048: $? = 127
configure:6037:  -qversion >&5
/C/Users/psastras/Projects/osu/core/3rdparty/mad/configure: line 6039: -qversion: command not found
configure:6048: $? = 127
configure:6057: checking whether we are using the GNU Fortran 77 compiler
configure:6070:  -c  conftest.F >&5
/C/Users/psastras/Projects/osu/core/3rdparty/mad/configure: line 2195: -c: command not found
configure:6070: $? = 127
configure: failed program was:
|       program main
| #ifndef __GNUC__
|        choke me
| #endif
| 
|       end
configure:6079: result: no
configure:6085: checking whether  accepts -g
configure:6096:  -c -g conftest.f >&5
/C/Users/psastras/Projects/osu/core/3rdparty/mad/configure: line 2195: -c: command not found
configure:6096: $? = 127
configure: failed program was:
|       program main
| 
|       end
configure:6104: result: no
configure:6138: checking the maximum length of command line arguments
configure:6203: result: 8192
configure:6214: checking command to parse /c/QtSDK/mingw/bin/nm output from gcc object
configure:6303: gcc -c -g -O2  conftest.c >&5
configure:6306: $? = 0
configure:6310: /c/QtSDK/mingw/bin/nm conftest.o \| sed -n -e 's/^.*[ 	]\([ABCDGIRSTW][ABCDGIRSTW]*\)[ 	][ 	]*\(\)\([_A-Za-z][_A-Za-z0-9]*\)\{0,1\}$/\1 \2\3 \3/p' \> conftest.nm
configure:6313: $? = 0
cannot find nm_test_var in conftest.nm
configure:6303: gcc -c -g -O2  conftest.c >&5
configure:6306: $? = 0
configure:6310: /c/QtSDK/mingw/bin/nm conftest.o \| sed -n -e 's/^.*[ 	]\([ABCDGIRSTW][ABCDGIRSTW]*\)[ 	][ 	]*\(_\)\([_A-Za-z][_A-Za-z0-9]*\)\{0,1\}$/\1 \2\3 \3/p' \> conftest.nm
configure:6313: $? = 0
configure:6365: gcc -o conftest.exe -g -O2   conftest.c conftstm.o >&5
configure:6368: $? = 0
configure:6406: result: ok
configure:6410: checking for objdir
configure:6425: result: .libs
configure:6517: checking for ar
configure:6533: found /c/QtSDK/mingw/bin/ar
configure:6544: result: ar
configure:6609: checking for ranlib
configure:6625: found /c/QtSDK/mingw/bin/ranlib
configure:6636: result: ranlib
configure:6701: checking for strip
configure:6717: found /c/QtSDK/mingw/bin/strip
configure:6728: result: strip
configure:7000: checking if gcc static flag  works
configure:7023: result: yes
configure:7041: checking if gcc supports -fno-rtti -fno-exceptions
configure:7059: gcc -c -g -O2  -fno-rtti -fno-exceptions conftest.c >&5
cc1.exe: warning: command line option "-fno-rtti" is valid for C++/ObjC++ but not for C
configure:7063: $? = 0
configure:7074: result: no
configure:7089: checking for gcc option to produce PIC
configure:7266: result: -DDLL_EXPORT
configure:7274: checking if gcc PIC flag -DDLL_EXPORT works
configure:7292: gcc -c -g -O2  -DDLL_EXPORT -DPIC conftest.c >&5
configure:7296: $? = 0
configure:7307: result: yes
configure:7331: checking if gcc supports -c -o file.o
configure:7352: gcc -c -g -O2  -o out/conftest2.o conftest.c >&5
configure:7356: $? = 0
configure:7376: result: yes
configure:7402: checking whether the gcc linker (c:/qtsdk/mingw/mingw32/bin/ld.exe) supports shared libraries
configure:8192: result: yes
configure:8218: checking whether -lc should be explicitly linked in
configure:8223: gcc -c -g -O2  conftest.c >&5
configure:8226: $? = 0
configure:8240: gcc -shared conftest.o  -v -o ./conftest -Wl,--image-base=0x10000000 -Wl,--out-implib,conftest 2\>\&1 \| grep  -lc  \>/dev/null 2\>\&1
configure:8243: $? = 1
configure:8255: result: yes
configure:8263: checking dynamic linker characteristics
configure:8803: result: Win32 ld.exe
configure:8807: checking how to hardcode library paths into programs
configure:8832: result: immediate
configure:8846: checking whether stripping libraries is possible
configure:8851: result: yes
configure:9363: checking if libtool supports shared libraries
configure:9365: result: yes
configure:9368: checking whether to build shared libraries
configure:9426: result: yes
configure:9429: checking whether to build static libraries
configure:9433: result: yes
configure:9525: creating libtool
configure:10068: checking for ld used by g++
configure:10135: result: c:/qtsdk/mingw/mingw32/bin/ld.exe
configure:10142: checking if the linker (c:/qtsdk/mingw/mingw32/bin/ld.exe) is GNU ld
configure:10157: result: yes
configure:10208: checking whether the g++ linker (c:/qtsdk/mingw/mingw32/bin/ld.exe) supports shared libraries
configure:10978: result: yes
configure:10996: g++ -c -g -O2  conftest.cc >&5
configure:10999: $? = 0
configure:11095: checking for g++ option to produce PIC
configure:11347: result: -DDLL_EXPORT
configure:11355: checking if g++ PIC flag -DDLL_EXPORT works
configure:11373: g++ -c -g -O2  -DDLL_EXPORT -DPIC conftest.cc >&5
configure:11377: $? = 0
configure:11388: result: yes
configure:11412: checking if g++ supports -c -o file.o
configure:11433: g++ -c -g -O2  -o out/conftest2.o conftest.cc >&5
configure:11437: $? = 0
configure:11457: result: yes
configure:11483: checking whether the g++ linker (c:/qtsdk/mingw/mingw32/bin/ld.exe) supports shared libraries
configure:11508: result: yes
configure:11579: checking dynamic linker characteristics
configure:12119: result: Win32 ld.exe
configure:12123: checking how to hardcode library paths into programs
configure:12148: result: immediate
configure:12162: checking whether stripping libraries is possible
configure:12167: result: yes
configure:18793: checking for ANSI C header files
configure:18897: result: yes
configure:18905: checking for sys/wait.h that is POSIX.1 compatible
configure:18931: gcc -c -Wall  conftest.c >&5
conftest.c:23:22: error: sys/wait.h: No such file or directory
conftest.c: In function 'main':
conftest.c:35: warning: implicit declaration of function 'wait'
configure:18931: $? = 1
configure: failed program was:
| /* confdefs.h */
| #define PACKAGE_NAME "MPEG Audio Decoder"
| #define PACKAGE_TARNAME "libmad"
| #define PACKAGE_VERSION "0.15.1b"
| #define PACKAGE_STRING "MPEG Audio Decoder 0.15.1b"
| #define PACKAGE_BUGREPORT "support@underbit.com"
| #define PACKAGE_URL ""
| #define PACKAGE "libmad"
| #define VERSION "0.15.1b"
| #define STDC_HEADERS 1
| #define HAVE_SYS_TYPES_H 1
| #define HAVE_SYS_STAT_H 1
| #define HAVE_STDLIB_H 1
| #define HAVE_STRING_H 1
| #define HAVE_MEMORY_H 1
| #define HAVE_STRINGS_H 1
| #define HAVE_INTTYPES_H 1
| #define HAVE_STDINT_H 1
| #define HAVE_UNISTD_H 1
| #define STDC_HEADERS 1
| /* end confdefs.h.  */
| #include <sys/types.h>
| #include <sys/wait.h>
| #ifndef WEXITSTATUS
| # define WEXITSTATUS(stat_val) ((unsigned int) (stat_val) >> 8)
| #endif
| #ifndef WIFEXITED
| # define WIFEXITED(stat_val) (((stat_val) & 255) == 0)
| #endif
| 
| int
| main ()
| {
|   int s;
|   wait (&s);
|   s = WIFEXITED (s) ? WEXITSTATUS (s) : 1;
|   ;
|   return 0;
| }
configure:18938: result: no
configure:18949: checking assert.h usability
configure:18949: gcc -c -Wall  conftest.c >&5
configure:18949: $? = 0
configure:18949: result: yes
configure:18949: checking assert.h presence
configure:18949: gcc -E  conftest.c
configure:18949: $? = 0
configure:18949: result: yes
configure:18949: checking for assert.h
configure:18949: result: yes
configure:18949: checking limits.h usability
configure:18949: gcc -c -Wall  conftest.c >&5
configure:18949: $? = 0
configure:18949: result: yes
configure:18949: checking limits.h presence
configure:18949: gcc -E  conftest.c
configure:18949: $? = 0
configure:18949: result: yes
configure:18949: checking for limits.h
configure:18949: result: yes
configure:18949: checking for unistd.h
configure:18949: result: yes
configure:18949: checking for sys/types.h
configure:18949: result: yes
configure:18949: checking fcntl.h usability
configure:18949: gcc -c -Wall  conftest.c >&5
configure:18949: $? = 0
configure:18949: result: yes
configure:18949: checking fcntl.h presence
configure:18949: gcc -E  conftest.c
configure:18949: $? = 0
configure:18949: result: yes
configure:18949: checking for fcntl.h
configure:18949: result: yes
configure:18949: checking errno.h usability
configure:18949: gcc -c -Wall  conftest.c >&5
configure:18949: $? = 0
configure:18949: result: yes
configure:18949: checking errno.h presence
configure:18949: gcc -E  conftest.c
configure:18949: $? = 0
configure:18949: result: yes
configure:18949: checking for errno.h
configure:18949: result: yes
configure:18961: checking for an ANSI C-conforming const
configure:19026: gcc -c -Wall  conftest.c >&5
conftest.c: In function 'main':
conftest.c:57: warning: 't' is used uninitialized in this function
configure:19026: $? = 0
configure:19033: result: yes
configure:19041: checking for inline
configure:19057: gcc -c -Wall  conftest.c >&5
configure:19057: $? = 0
configure:19065: result: inline
configure:19083: checking whether byte ordering is bigendian
configure:19098: gcc -c -Wall  conftest.c >&5
conftest.c:29: error: expected '=', ',', ';', 'asm' or '__attribute__' before 'a'
configure:19098: $? = 1
configure: failed program was:
| /* confdefs.h */
| #define PACKAGE_NAME "MPEG Audio Decoder"
| #define PACKAGE_TARNAME "libmad"
| #define PACKAGE_VERSION "0.15.1b"
| #define PACKAGE_STRING "MPEG Audio Decoder 0.15.1b"
| #define PACKAGE_BUGREPORT "support@underbit.com"
| #define PACKAGE_URL ""
| #define PACKAGE "libmad"
| #define VERSION "0.15.1b"
| #define STDC_HEADERS 1
| #define HAVE_SYS_TYPES_H 1
| #define HAVE_SYS_STAT_H 1
| #define HAVE_STDLIB_H 1
| #define HAVE_STRING_H 1
| #define HAVE_MEMORY_H 1
| #define HAVE_STRINGS_H 1
| #define HAVE_INTTYPES_H 1
| #define HAVE_STDINT_H 1
| #define HAVE_UNISTD_H 1
| #define STDC_HEADERS 1
| #define HAVE_ASSERT_H 1
| #define HAVE_LIMITS_H 1
| #define HAVE_UNISTD_H 1
| #define HAVE_SYS_TYPES_H 1
| #define HAVE_FCNTL_H 1
| #define HAVE_ERRNO_H 1
| /* end confdefs.h.  */
| #ifndef __APPLE_CC__
| 	       not a universal capable compiler
| 	     #endif
| 	     typedef int dummy;
| 
configure:19143: gcc -c -Wall  conftest.c >&5
configure:19143: $? = 0
configure:19161: gcc -c -Wall  conftest.c >&5
conftest.c: In function 'main':
conftest.c:35: error: 'not' undeclared (first use in this function)
conftest.c:35: error: (Each undeclared identifier is reported only once
conftest.c:35: error: for each function it appears in.)
conftest.c:35: error: expected ';' before 'big'
configure:19161: $? = 1
configure: failed program was:
| /* confdefs.h */
| #define PACKAGE_NAME "MPEG Audio Decoder"
| #define PACKAGE_TARNAME "libmad"
| #define PACKAGE_VERSION "0.15.1b"
| #define PACKAGE_STRING "MPEG Audio Decoder 0.15.1b"
| #define PACKAGE_BUGREPORT "support@underbit.com"
| #define PACKAGE_URL ""
| #define PACKAGE "libmad"
| #define VERSION "0.15.1b"
| #define STDC_HEADERS 1
| #define HAVE_SYS_TYPES_H 1
| #define HAVE_SYS_STAT_H 1
| #define HAVE_STDLIB_H 1
| #define HAVE_STRING_H 1
| #define HAVE_MEMORY_H 1
| #define HAVE_STRINGS_H 1
| #define HAVE_INTTYPES_H 1
| #define HAVE_STDINT_H 1
| #define HAVE_UNISTD_H 1
| #define STDC_HEADERS 1
| #define HAVE_ASSERT_H 1
| #define HAVE_LIMITS_H 1
| #define HAVE_UNISTD_H 1
| #define HAVE_SYS_TYPES_H 1
| #define HAVE_FCNTL_H 1
| #define HAVE_ERRNO_H 1
| /* end confdefs.h.  */
| #include <sys/types.h>
| 		#include <sys/param.h>
| 
| int
| main ()
| {
| #if BYTE_ORDER != BIG_ENDIAN
| 		 not big endian
| 		#endif
| 
|   ;
|   return 0;
| }
configure:19289: result: no
configure:19307: checking for pid_t
configure:19307: gcc -c -Wall  conftest.c >&5
configure:19307: $? = 0
configure:19307: gcc -c -Wall  conftest.c >&5
conftest.c: In function 'main':
conftest.c:64: error: expected expression before ')' token
configure:19307: $? = 1
configure: failed program was:
| /* confdefs.h */
| #define PACKAGE_NAME "MPEG Audio Decoder"
| #define PACKAGE_TARNAME "libmad"
| #define PACKAGE_VERSION "0.15.1b"
| #define PACKAGE_STRING "MPEG Audio Decoder 0.15.1b"
| #define PACKAGE_BUGREPORT "support@underbit.com"
| #define PACKAGE_URL ""
| #define PACKAGE "libmad"
| #define VERSION "0.15.1b"
| #define STDC_HEADERS 1
| #define HAVE_SYS_TYPES_H 1
| #define HAVE_SYS_STAT_H 1
| #define HAVE_STDLIB_H 1
| #define HAVE_STRING_H 1
| #define HAVE_MEMORY_H 1
| #define HAVE_STRINGS_H 1
| #define HAVE_INTTYPES_H 1
| #define HAVE_STDINT_H 1
| #define HAVE_UNISTD_H 1
| #define STDC_HEADERS 1
| #define HAVE_ASSERT_H 1
| #define HAVE_LIMITS_H 1
| #define HAVE_UNISTD_H 1
| #define HAVE_SYS_TYPES_H 1
| #define HAVE_FCNTL_H 1
| #define HAVE_ERRNO_H 1
| /* end confdefs.h.  */
| #include <stdio.h>
| #ifdef HAVE_SYS_TYPES_H
| # include <sys/types.h>
| #endif
| #ifdef HAVE_SYS_STAT_H
| # include <sys/stat.h>
| #endif
| #ifdef STDC_HEADERS
| # include <stdlib.h>
| # include <stddef.h>
| #else
| # ifdef HAVE_STDLIB_H
| #  include <stdlib.h>
| # endif
| #endif
| #ifdef HAVE_STRING_H
| # if !defined STDC_HEADERS && defined HAVE_MEMORY_H
| #  include <memory.h>
| # endif
| # include <string.h>
| #endif
| #ifdef HAVE_STRINGS_H
| # include <strings.h>
| #endif
| #ifdef HAVE_INTTYPES_H
| # include <inttypes.h>
| #endif
| #ifdef HAVE_STDINT_H
| # include <stdint.h>
| #endif
| #ifdef HAVE_UNISTD_H
| # include <unistd.h>
| #endif
| int
| main ()
| {
| if (sizeof ((pid_t)))
| 	    return 0;
|   ;
|   return 0;
| }
configure:19307: result: yes
configure:19323: checking size of int
configure:19328: gcc -o conftest.exe -Wall   conftest.c  >&5
configure:19328: $? = 0
configure:19328: ./conftest.exe
configure:19328: $? = 0
configure:19342: result: 4
configure:19356: checking size of long
configure:19361: gcc -o conftest.exe -Wall   conftest.c  >&5
configure:19361: $? = 0
configure:19361: ./conftest.exe
configure:19361: $? = 0
configure:19375: result: 4
configure:19389: checking size of long long
configure:19394: gcc -o conftest.exe -Wall   conftest.c  >&5
configure:19394: $? = 0
configure:19394: ./conftest.exe
configure:19394: $? = 0
configure:19408: result: 8
configure:19423: checking for waitpid
configure:19423: gcc -o conftest.exe -Wall   conftest.c  >&5
C:\Users\psastras\AppData\Local\Temp\ccMtDitT.o:conftest.c:(.text+0xc): undefined reference to `waitpid'
collect2: ld returned 1 exit status
configure:19423: $? = 1
configure: failed program was:
| /* confdefs.h */
| #define PACKAGE_NAME "MPEG Audio Decoder"
| #define PACKAGE_TARNAME "libmad"
| #define PACKAGE_VERSION "0.15.1b"
| #define PACKAGE_STRING "MPEG Audio Decoder 0.15.1b"
| #define PACKAGE_BUGREPORT "support@underbit.com"
| #define PACKAGE_URL ""
| #define PACKAGE "libmad"
| #define VERSION "0.15.1b"
| #define STDC_HEADERS 1
| #define HAVE_SYS_TYPES_H 1
| #define HAVE_SYS_STAT_H 1
| #define HAVE_STDLIB_H 1
| #define HAVE_STRING_H 1
| #define HAVE_MEMORY_H 1
| #define HAVE_STRINGS_H 1
| #define HAVE_INTTYPES_H 1
| #define HAVE_STDINT_H 1
| #define HAVE_UNISTD_H 1
| #define STDC_HEADERS 1
| #define HAVE_ASSERT_H 1
| #define HAVE_LIMITS_H 1
| #define HAVE_UNISTD_H 1
| #define HAVE_SYS_TYPES_H 1
| #define HAVE_FCNTL_H 1
| #define HAVE_ERRNO_H 1
| #define SIZEOF_INT 4
| #define SIZEOF_LONG 4
| #define SIZEOF_LONG_LONG 8
| /* end confdefs.h.  */
| /* Define waitpid to an innocuous variant, in case <limits.h> declares waitpid.
|    For example, HP-UX 11i <limits.h> declares gettimeofday.  */
| #define waitpid innocuous_waitpid
| 
| /* System header to define __stub macros and hopefully few prototypes,
|     which can conflict with char waitpid (); below.
|     Prefer <limits.h> to <assert.h> if __STDC__ is defined, since
|     <limits.h> exists even on freestanding compilers.  */
| 
| #ifdef __STDC__
| # include <limits.h>
| #else
| # include <assert.h>
| #endif
| 
| #undef waitpid
| 
| /* Override any GCC internal prototype to avoid an error.
|    Use char because int might match the return type of a GCC
|    builtin and then its argument prototype would still apply.  */
| #ifdef __cplusplus
| extern "C"
| #endif
| char waitpid ();
| /* The GNU C library defines this for functions which it implements
|     to always fail with ENOSYS.  Some functions are actually named
|     something starting with __ and the normal name is an alias.  */
| #if defined __stub_waitpid || defined __stub___waitpid
| choke me
| #endif
| 
| int
| main ()
| {
| return waitpid ();
|   ;
|   return 0;
| }
configure:19423: result: no
configure:19423: checking for fcntl
configure:19423: gcc -o conftest.exe -Wall   conftest.c  >&5
C:\Users\psastras\AppData\Local\Temp\ccKyMbUm.o:conftest.c:(.text+0xc): undefined reference to `fcntl'
collect2: ld returned 1 exit status
configure:19423: $? = 1
configure: failed program was:
| /* confdefs.h */
| #define PACKAGE_NAME "MPEG Audio Decoder"
| #define PACKAGE_TARNAME "libmad"
| #define PACKAGE_VERSION "0.15.1b"
| #define PACKAGE_STRING "MPEG Audio Decoder 0.15.1b"
| #define PACKAGE_BUGREPORT "support@underbit.com"
| #define PACKAGE_URL ""
| #define PACKAGE "libmad"
| #define VERSION "0.15.1b"
| #define STDC_HEADERS 1
| #define HAVE_SYS_TYPES_H 1
| #define HAVE_SYS_STAT_H 1
| #define HAVE_STDLIB_H 1
| #define HAVE_STRING_H 1
| #define HAVE_MEMORY_H 1
| #define HAVE_STRINGS_H 1
| #define HAVE_INTTYPES_H 1
| #define HAVE_STDINT_H 1
| #define HAVE_UNISTD_H 1
| #define STDC_HEADERS 1
| #define HAVE_ASSERT_H 1
| #define HAVE_LIMITS_H 1
| #define HAVE_UNISTD_H 1
| #define HAVE_SYS_TYPES_H 1
| #define HAVE_FCNTL_H 1
| #define HAVE_ERRNO_H 1
| #define SIZEOF_INT 4
| #define SIZEOF_LONG 4
| #define SIZEOF_LONG_LONG 8
| /* end confdefs.h.  */
| /* Define fcntl to an innocuous variant, in case <limits.h> declares fcntl.
|    For example, HP-UX 11i <limits.h> declares gettimeofday.  */
| #define fcntl innocuous_fcntl
| 
| /* System header to define __stub macros and hopefully few prototypes,
|     which can conflict with char fcntl (); below.
|     Prefer <limits.h> to <assert.h> if __STDC__ is defined, since
|     <limits.h> exists even on freestanding compilers.  */
| 
| #ifdef __STDC__
| # include <limits.h>
| #else
| # include <assert.h>
| #endif
| 
| #undef fcntl
| 
| /* Override any GCC internal prototype to avoid an error.
|    Use char because int might match the return type of a GCC
|    builtin and then its argument prototype would still apply.  */
| #ifdef __cplusplus
| extern "C"
| #endif
| char fcntl ();
| /* The GNU C library defines this for functions which it implements
|     to always fail with ENOSYS.  Some functions are actually named
|     something starting with __ and the normal name is an alias.  */
| #if defined __stub_fcntl || defined __stub___fcntl
| choke me
| #endif
| 
| int
| main ()
| {
| return fcntl ();
|   ;
|   return 0;
| }
configure:19423: result: no
configure:19423: checking for pipe
configure:19423: gcc -o conftest.exe -Wall   conftest.c  >&5
C:\Users\psastras\AppData\Local\Temp\ccGmDu9R.o:conftest.c:(.text+0xc): undefined reference to `pipe'
collect2: ld returned 1 exit status
configure:19423: $? = 1
configure: failed program was:
| /* confdefs.h */
| #define PACKAGE_NAME "MPEG Audio Decoder"
| #define PACKAGE_TARNAME "libmad"
| #define PACKAGE_VERSION "0.15.1b"
| #define PACKAGE_STRING "MPEG Audio Decoder 0.15.1b"
| #define PACKAGE_BUGREPORT "support@underbit.com"
| #define PACKAGE_URL ""
| #define PACKAGE "libmad"
| #define VERSION "0.15.1b"
| #define STDC_HEADERS 1
| #define HAVE_SYS_TYPES_H 1
| #define HAVE_SYS_STAT_H 1
| #define HAVE_STDLIB_H 1
| #define HAVE_STRING_H 1
| #define HAVE_MEMORY_H 1
| #define HAVE_STRINGS_H 1
| #define HAVE_INTTYPES_H 1
| #define HAVE_STDINT_H 1
| #define HAVE_UNISTD_H 1
| #define STDC_HEADERS 1
| #define HAVE_ASSERT_H 1
| #define HAVE_LIMITS_H 1
| #define HAVE_UNISTD_H 1
| #define HAVE_SYS_TYPES_H 1
| #define HAVE_FCNTL_H 1
| #define HAVE_ERRNO_H 1
| #define SIZEOF_INT 4
| #define SIZEOF_LONG 4
| #define SIZEOF_LONG_LONG 8
| /* end confdefs.h.  */
| /* Define pipe to an innocuous variant, in case <limits.h> declares pipe.
|    For example, HP-UX 11i <limits.h> declares gettimeofday.  */
| #define pipe innocuous_pipe
| 
| /* System header to define __stub macros and hopefully few prototypes,
|     which can conflict with char pipe (); below.
|     Prefer <limits.h> to <assert.h> if __STDC__ is defined, since
|     <limits.h> exists even on freestanding compilers.  */
| 
| #ifdef __STDC__
| # include <limits.h>
| #else
| # include <assert.h>
| #endif
| 
| #undef pipe
| 
| /* Override any GCC internal prototype to avoid an error.
|    Use char because int might match the return type of a GCC
|    builtin and then its argument prototype would still apply.  */
| #ifdef __cplusplus
| extern "C"
| #endif
| char pipe ();
| /* The GNU C library defines this for functions which it implements
|     to always fail with ENOSYS.  Some functions are actually named
|     something starting with __ and the normal name is an alias.  */
| #if defined __stub_pipe || defined __stub___pipe
| choke me
| #endif
| 
| int
| main ()
| {
| return pipe ();
|   ;
|   return 0;
| }
configure:19423: result: no
configure:19423: checking for fork
configure:19423: gcc -o conftest.exe -Wall   conftest.c  >&5
conftest.c:54: warning: conflicting types for built-in function 'fork'
C:\Users\psastras\AppData\Local\Temp\cc21Yf0n.o:conftest.c:(.text+0xc): undefined reference to `fork'
collect2: ld returned 1 exit status
configure:19423: $? = 1
configure: failed program was:
| /* confdefs.h */
| #define PACKAGE_NAME "MPEG Audio Decoder"
| #define PACKAGE_TARNAME "libmad"
| #define PACKAGE_VERSION "0.15.1b"
| #define PACKAGE_STRING "MPEG Audio Decoder 0.15.1b"
| #define PACKAGE_BUGREPORT "support@underbit.com"
| #define PACKAGE_URL ""
| #define PACKAGE "libmad"
| #define VERSION "0.15.1b"
| #define STDC_HEADERS 1
| #define HAVE_SYS_TYPES_H 1
| #define HAVE_SYS_STAT_H 1
| #define HAVE_STDLIB_H 1
| #define HAVE_STRING_H 1
| #define HAVE_MEMORY_H 1
| #define HAVE_STRINGS_H 1
| #define HAVE_INTTYPES_H 1
| #define HAVE_STDINT_H 1
| #define HAVE_UNISTD_H 1
| #define STDC_HEADERS 1
| #define HAVE_ASSERT_H 1
| #define HAVE_LIMITS_H 1
| #define HAVE_UNISTD_H 1
| #define HAVE_SYS_TYPES_H 1
| #define HAVE_FCNTL_H 1
| #define HAVE_ERRNO_H 1
| #define SIZEOF_INT 4
| #define SIZEOF_LONG 4
| #define SIZEOF_LONG_LONG 8
| /* end confdefs.h.  */
| /* Define fork to an innocuous variant, in case <limits.h> declares fork.
|    For example, HP-UX 11i <limits.h> declares gettimeofday.  */
| #define fork innocuous_fork
| 
| /* System header to define __stub macros and hopefully few prototypes,
|     which can conflict with char fork (); below.
|     Prefer <limits.h> to <assert.h> if __STDC__ is defined, since
|     <limits.h> exists even on freestanding compilers.  */
| 
| #ifdef __STDC__
| # include <limits.h>
| #else
| # include <assert.h>
| #endif
| 
| #undef fork
| 
| /* Override any GCC internal prototype to avoid an error.
|    Use char because int might match the return type of a GCC
|    builtin and then its argument prototype would still apply.  */
| #ifdef __cplusplus
| extern "C"
| #endif
| char fork ();
| /* The GNU C library defines this for functions which it implements
|     to always fail with ENOSYS.  Some functions are actually named
|     something starting with __ and the normal name is an alias.  */
| #if defined __stub_fork || defined __stub___fork
| choke me
| #endif
| 
| int
| main ()
| {
| return fork ();
|   ;
|   return 0;
| }
configure:19423: result: no
configure:19514: checking whether to optimize for speed or for accuracy
configure:19552: result: default
configure:19560: checking for architecture-specific fixed-point math routines
configure:19597: result: INTEL
configure:19651: checking for ISO/IEC interpretation
configure:19667: result: best accepted practices
configure:19670: checking whether to enable profiling
configure:19681: result: no
configure:19684: checking whether to enable debugging
configure:19715: result: default
configure:19718: checking whether to enable experimental code
configure:19733: result: no
configure:19861: creating ./config.status

## ---------------------- ##
## Running config.status. ##
## ---------------------- ##

This file was extended by MPEG Audio Decoder config.status 0.15.1b, which was
generated by GNU Autoconf 2.67.  Invocation command line was

  CONFIG_FILES    = 
  CONFIG_HEADERS  = 
  CONFIG_LINKS    = 
  CONFIG_COMMANDS = 
  $ ./config.status 

on psastras-PC

config.status:891: creating Makefile
config.status:994: WARNING:  '/C/Users/psastras/Projects/osu/core/3rdparty/mad/Makefile.in' seems to ignore the --datarootdir setting
config.status:891: creating msvc++/Makefile
config.status:994: WARNING:  '/C/Users/psastras/Projects/osu/core/3rdparty/mad/msvc++/Makefile.in' seems to ignore the --datarootdir setting
config.status:891: creating libmad.list
config.status:891: creating config.h
config.status:1050: config.h is unchanged
config.status:1097: executing depfiles commands

## ---------------- ##
## Cache variables. ##
## ---------------- ##

ac_cv_build=i686-pc-mingw32
ac_cv_c_bigendian=no
ac_cv_c_compiler_gnu=yes
ac_cv_c_const=yes
ac_cv_c_inline=inline
ac_cv_cxx_compiler_gnu=yes
ac_cv_env_CCASFLAGS_set=
ac_cv_env_CCASFLAGS_value=
ac_cv_env_CCAS_set=
ac_cv_env_CCAS_value=
ac_cv_env_CCC_set=
ac_cv_env_CCC_value=
ac_cv_env_CC_set=
ac_cv_env_CC_value=
ac_cv_env_CFLAGS_set=
ac_cv_env_CFLAGS_value=
ac_cv_env_CPPFLAGS_set=
ac_cv_env_CPPFLAGS_value=
ac_cv_env_CPP_set=
ac_cv_env_CPP_value=
ac_cv_env_CXXCPP_set=
ac_cv_env_CXXCPP_value=
ac_cv_env_CXXFLAGS_set=
ac_cv_env_CXXFLAGS_value=
ac_cv_env_CXX_set=
ac_cv_env_CXX_value=
ac_cv_env_F77_set=
ac_cv_env_F77_value=
ac_cv_env_FFLAGS_set=
ac_cv_env_FFLAGS_value=
ac_cv_env_LDFLAGS_set=
ac_cv_env_LDFLAGS_value=
ac_cv_env_LIBS_set=
ac_cv_env_LIBS_value=
ac_cv_env_build_alias_set=
ac_cv_env_build_alias_value=
ac_cv_env_host_alias_set=
ac_cv_env_host_alias_value=
ac_cv_env_target_alias_set=
ac_cv_env_target_alias_value=
ac_cv_exeext=.exe
ac_cv_f77_compiler_gnu=no
ac_cv_func_fcntl=no
ac_cv_func_fork=no
ac_cv_func_pipe=no
ac_cv_func_waitpid=no
ac_cv_header_assert_h=yes
ac_cv_header_dlfcn_h=no
ac_cv_header_errno_h=yes
ac_cv_header_fcntl_h=yes
ac_cv_header_inttypes_h=yes
ac_cv_header_limits_h=yes
ac_cv_header_memory_h=yes
ac_cv_header_stdc=yes
ac_cv_header_stdint_h=yes
ac_cv_header_stdlib_h=yes
ac_cv_header_string_h=yes
ac_cv_header_strings_h=yes
ac_cv_header_sys_stat_h=yes
ac_cv_header_sys_types_h=yes
ac_cv_header_sys_wait_h=no
ac_cv_header_unistd_h=yes
ac_cv_host=i686-pc-mingw32
ac_cv_objext=o
ac_cv_path_EGREP='/bin/grep -E'
ac_cv_path_GREP=/bin/grep
ac_cv_prog_AWK=gawk
ac_cv_prog_CPP='gcc -E'
ac_cv_prog_CXXCPP='g++ -E'
ac_cv_prog_ac_ct_AR=ar
ac_cv_prog_ac_ct_CC=gcc
ac_cv_prog_ac_ct_CXX=g++
ac_cv_prog_ac_ct_RANLIB=ranlib
ac_cv_prog_ac_ct_STRIP=strip
ac_cv_prog_cc_c89=
ac_cv_prog_cc_g=yes
ac_cv_prog_cxx_g=yes
ac_cv_prog_f77_g=no
ac_cv_prog_make_make_set=yes
ac_cv_sizeof_int=4
ac_cv_sizeof_long=4
ac_cv_sizeof_long_long=8
ac_cv_type_pid_t=yes
am_cv_CC_dependencies_compiler_type=gcc3
am_cv_CXX_dependencies_compiler_type=gcc3
lt_cv_deplibs_check_method='file_magic file format pei*-i386(.*architecture: i386)?'
lt_cv_file_magic_cmd='$OBJDUMP -f'
lt_cv_file_magic_test_file=
lt_cv_ld_reload_flag=-r
lt_cv_objdir=.libs
lt_cv_path_LD=c:/qtsdk/mingw/mingw32/bin/ld.exe
lt_cv_path_LDCXX=c:/qtsdk/mingw/mingw32/bin/ld.exe
lt_cv_path_NM=/c/QtSDK/mingw/bin/nm
lt_cv_path_SED=/bin/sed
lt_cv_prog_compiler_c_o=yes
lt_cv_prog_compiler_c_o_CXX=yes
lt_cv_prog_compiler_rtti_exceptions=no
lt_cv_prog_gnu_ld=yes
lt_cv_prog_gnu_ldcxx=yes
lt_cv_sys_global_symbol_pipe='sed -n -e '\''s/^.*[ 	]\([ABCDGIRSTW][ABCDGIRSTW]*\)[ 	][ 	]*\(_\)\([_A-Za-z][_A-Za-z0-9]*\)\{0,1\}$/\1 \2\3 \3/p'\'''
lt_cv_sys_global_symbol_to_c_name_address='sed -n -e '\''s/^: \([^ ]*\) $/  {\"\1\", (lt_ptr) 0},/p'\'' -e '\''s/^[BCDEGRST] \([^ ]*\) \([^ ]*\)$/  {"\2", (lt_ptr) \&\2},/p'\'''
lt_cv_sys_global_symbol_to_cdecl='sed -n -e '\''s/^. .* \(.*\)$/extern int \1;/p'\'''
lt_cv_sys_max_cmd_len=8192
lt_lt_cv_prog_compiler_c_o='"yes"'
lt_lt_cv_prog_compiler_c_o_CXX='"yes"'
lt_lt_cv_sys_global_symbol_pipe='"sed -n -e '\''s/^.*[ 	]\\([ABCDGIRSTW][ABCDGIRSTW]*\\)[ 	][ 	]*\\(_\\)\\([_A-Za-z][_A-Za-z0-9]*\\)\\{0,1\\}\$/\\1 \\2\\3 \\3/p'\''"'
lt_lt_cv_sys_global_symbol_to_c_name_address='"sed -n -e '\''s/^: \\([^ ]*\\) \$/  {\\\"\\1\\\", (lt_ptr) 0},/p'\'' -e '\''s/^[BCDEGRST] \\([^ ]*\\) \\([^ ]*\\)\$/  {\"\\2\", (lt_ptr) \\&\\2},/p'\''"'
lt_lt_cv_sys_global_symbol_to_cdecl='"sed -n -e '\''s/^. .* \\(.*\\)\$/extern int \\1;/p'\''"'

## ----------------- ##
## Output variables. ##
## ----------------- ##

ACLOCAL='${SHELL} /C/Users/psastras/Projects/osu/core/3rdparty/mad/missing --run aclocal-1.8'
AMDEPBACKSLASH='\'
AMDEP_FALSE='#'
AMDEP_TRUE=''
AMTAR='${SHELL} /C/Users/psastras/Projects/osu/core/3rdparty/mad/missing --run tar'
AR='ar'
ASO=' -DASO_ZEROCHECK'
ASO_OBJS=''
AUTOCONF='${SHELL} /C/Users/psastras/Projects/osu/core/3rdparty/mad/missing --run autoconf'
AUTOHEADER='${SHELL} /C/Users/psastras/Projects/osu/core/3rdparty/mad/missing --run autoheader'
AUTOMAKE='${SHELL} /C/Users/psastras/Projects/osu/core/3rdparty/mad/missing --run automake-1.8'
AWK='gawk'
CC='gcc'
CCAS='gcc'
CCASFLAGS='-g -O2'
CCDEPMODE='depmode=gcc3'
CFLAGS='-Wall -march=i486 -g -O -fforce-addr -fthread-jumps -fcse-follow-jumps -fcse-skip-blocks -fexpensive-optimizations -fregmove -fschedule-insns2 -fstrength-reduce'
CPP='gcc -E'
CPPFLAGS=''
CXX='g++'
CXXCPP='g++ -E'
CXXDEPMODE='depmode=gcc3'
CXXFLAGS='-g -O2'
CYGPATH_W='echo'
DEFS='-DHAVE_CONFIG_H'
DEPDIR='.deps'
ECHO='echo'
ECHO_C=''
ECHO_N='-n'
ECHO_T=''
EGREP='/bin/grep -E'
EXEEXT='.exe'
F77=''
FFLAGS=''
FPM='-DFPM_INTEL'
GREP='/bin/grep'
INSTALL_DATA='${INSTALL} -m 644'
INSTALL_PROGRAM='${INSTALL}'
INSTALL_SCRIPT='${INSTALL}'
INSTALL_STRIP_PROGRAM='${SHELL} $(install_sh) -c -s'
LDFLAGS=''
LIBOBJS=''
LIBS=''
LIBTOOL='$(SHELL) $(top_builddir)/libtool'
LIBTOOL_DEPS='/C/Users/psastras/Projects/osu/core/3rdparty/mad/ltmain.sh'
LN_S='cp -p'
LTLIBOBJS=''
MAKEINFO='${SHELL} /C/Users/psastras/Projects/osu/core/3rdparty/mad/missing --run makeinfo'
OBJEXT='o'
PACKAGE='libmad'
PACKAGE_BUGREPORT='support@underbit.com'
PACKAGE_NAME='MPEG Audio Decoder'
PACKAGE_STRING='MPEG Audio Decoder 0.15.1b'
PACKAGE_TARNAME='libmad'
PACKAGE_URL=''
PACKAGE_VERSION='0.15.1b'
PATH_SEPARATOR=':'
RANLIB='ranlib'
SET_MAKE=''
SHELL='/bin/sh'
STRIP='strip'
VERSION='0.15.1b'
ac_ct_CC='gcc'
ac_ct_CXX='g++'
ac_ct_F77=''
am__fastdepCC_FALSE='#'
am__fastdepCC_TRUE=''
am__fastdepCXX_FALSE='#'
am__fastdepCXX_TRUE=''
am__include='include'
am__leading_dot='.'
am__quote=''
bindir='${exec_prefix}/bin'
build='i686-pc-mingw32'
build_alias=''
build_cpu='i686'
build_os='mingw32'
build_vendor='pc'
datadir='${datarootdir}'
datarootdir='${prefix}/share'
docdir='${datarootdir}/doc/${PACKAGE_TARNAME}'
dvidir='${docdir}'
exec_prefix='${prefix}'
host='i686-pc-mingw32'
host_alias=''
host_cpu='i686'
host_os='mingw32'
host_vendor='pc'
htmldir='${docdir}'
includedir='${prefix}/include'
infodir='${datarootdir}/info'
install_sh='/C/Users/psastras/Projects/osu/core/3rdparty/mad/install-sh'
libdir='${exec_prefix}/lib'
libexecdir='${exec_prefix}/libexec'
localedir='${datarootdir}/locale'
localstatedir='${prefix}/var'
mandir='${datarootdir}/man'
mkdir_p='mkdir -p -- .'
oldincludedir='/usr/include'
pdfdir='${docdir}'
prefix='C:/Users/psastras/Projects/osu/core/3rdparty/install'
program_transform_name='s,x,x,'
psdir='${docdir}'
sbindir='${exec_prefix}/sbin'
sharedstatedir='${prefix}/com'
sysconfdir='${prefix}/etc'
target_alias=''

## ----------- ##
## confdefs.h. ##
## ----------- ##

/* confdefs.h */
#define PACKAGE_NAME "MPEG Audio Decoder"
#define PACKAGE_TARNAME "libmad"
#define PACKAGE_VERSION "0.15.1b"
#define PACKAGE_STRING "MPEG Audio Decoder 0.15.1b"
#define PACKAGE_BUGREPORT "support@underbit.com"
#define PACKAGE_URL ""
#define PACKAGE "libmad"
#define VERSION "0.15.1b"
#define STDC_HEADERS 1
#define HAVE_SYS_TYPES_H 1
#define HAVE_SYS_STAT_H 1
#define HAVE_STDLIB_H 1
#define HAVE_STRING_H 1
#define HAVE_MEMORY_H 1
#define HAVE_STRINGS_H 1
#define HAVE_INTTYPES_H 1
#define HAVE_STDINT_H 1
#define HAVE_UNISTD_H 1
#define STDC_HEADERS 1
#define HAVE_ASSERT_H 1
#define HAVE_LIMITS_H 1
#define HAVE_UNISTD_H 1
#define HAVE_SYS_TYPES_H 1
#define HAVE_FCNTL_H 1
#define HAVE_ERRNO_H 1
#define SIZEOF_INT 4
#define SIZEOF_LONG 4
#define SIZEOF_LONG_LONG 8

configure: exit 0
