Determining if the function _controlfp exists failed with the following output:
Change Dir: /home/psastras/osu/core/libopenal-prefix/src/libopenal-build/CMakeFiles/CMakeTmp

Run Build Command:/usr/bin/make "cmTryCompileExec/fast"
make[3]: Entering directory `/gpfs/main/home/psastras/osu/core/libopenal-prefix/src/libopenal-build/CMakeFiles/CMakeTmp'
/usr/bin/make -f CMakeFiles/cmTryCompileExec.dir/build.make CMakeFiles/cmTryCompileExec.dir/build
make[4]: Entering directory `/gpfs/main/home/psastras/osu/core/libopenal-prefix/src/libopenal-build/CMakeFiles/CMakeTmp'
/usr/bin/cmake -E cmake_progress_report /home/psastras/osu/core/libopenal-prefix/src/libopenal-build/CMakeFiles/CMakeTmp/CMakeFiles 1
Building C object CMakeFiles/cmTryCompileExec.dir/CheckFunctionExists.c.o
/usr/bin/gcc   -DCHECK_FUNCTION_EXISTS=_controlfp   -o CMakeFiles/cmTryCompileExec.dir/CheckFunctionExists.c.o   -c /usr/share/cmake-2.8/Modules/CheckFunctionExists.c
Linking C executable cmTryCompileExec
/usr/bin/cmake -E cmake_link_script CMakeFiles/cmTryCompileExec.dir/link.txt --verbose=1
/usr/bin/gcc     -DCHECK_FUNCTION_EXISTS=_controlfp   CMakeFiles/cmTryCompileExec.dir/CheckFunctionExists.c.o  -o cmTryCompileExec -rdynamic 
CMakeFiles/cmTryCompileExec.dir/CheckFunctionExists.c.o: In function `main':
CheckFunctionExists.c:(.text+0x7): undefined reference to `_controlfp'
collect2: ld returned 1 exit status
make[4]: *** [cmTryCompileExec] Error 1
make[4]: Leaving directory `/gpfs/main/home/psastras/osu/core/libopenal-prefix/src/libopenal-build/CMakeFiles/CMakeTmp'
make[3]: Leaving directory `/gpfs/main/home/psastras/osu/core/libopenal-prefix/src/libopenal-build/CMakeFiles/CMakeTmp'
make[3]: *** [cmTryCompileExec/fast] Error 2


Determining if the include file windows.h exists failed with the following output:
Change Dir: /home/psastras/osu/core/libopenal-prefix/src/libopenal-build/CMakeFiles/CMakeTmp

Run Build Command:/usr/bin/make "cmTryCompileExec/fast"
make[3]: Entering directory `/gpfs/main/home/psastras/osu/core/libopenal-prefix/src/libopenal-build/CMakeFiles/CMakeTmp'
/usr/bin/make -f CMakeFiles/cmTryCompileExec.dir/build.make CMakeFiles/cmTryCompileExec.dir/build
make[4]: Entering directory `/gpfs/main/home/psastras/osu/core/libopenal-prefix/src/libopenal-build/CMakeFiles/CMakeTmp'
/usr/bin/cmake -E cmake_progress_report /home/psastras/osu/core/libopenal-prefix/src/libopenal-build/CMakeFiles/CMakeTmp/CMakeFiles 1
Building C object CMakeFiles/cmTryCompileExec.dir/CheckIncludeFile.c.o
/usr/bin/gcc   -D_WIN32_WINNT=0x0500     -o CMakeFiles/cmTryCompileExec.dir/CheckIncludeFile.c.o   -c /home/psastras/osu/core/libopenal-prefix/src/libopenal-build/CMakeFiles/CMakeTmp/CheckIncludeFile.c
/home/psastras/osu/core/libopenal-prefix/src/libopenal-build/CMakeFiles/CMakeTmp/CheckIncludeFile.c:1:21: error: windows.h: No such file or directory
make[4]: *** [CMakeFiles/cmTryCompileExec.dir/CheckIncludeFile.c.o] Error 1
make[4]: Leaving directory `/gpfs/main/home/psastras/osu/core/libopenal-prefix/src/libopenal-build/CMakeFiles/CMakeTmp'
make[3]: *** [cmTryCompileExec/fast] Error 2
make[3]: Leaving directory `/gpfs/main/home/psastras/osu/core/libopenal-prefix/src/libopenal-build/CMakeFiles/CMakeTmp'


Determining if files pthread.h;pthread_np.h exist failed with the following output:
Change Dir: /home/psastras/osu/core/libopenal-prefix/src/libopenal-build/CMakeFiles/CMakeTmp

Run Build Command:/usr/bin/make "cmTryCompileExec/fast"
make[3]: Entering directory `/gpfs/main/home/psastras/osu/core/libopenal-prefix/src/libopenal-build/CMakeFiles/CMakeTmp'
/usr/bin/make -f CMakeFiles/cmTryCompileExec.dir/build.make CMakeFiles/cmTryCompileExec.dir/build
make[4]: Entering directory `/gpfs/main/home/psastras/osu/core/libopenal-prefix/src/libopenal-build/CMakeFiles/CMakeTmp'
/usr/bin/cmake -E cmake_progress_report /home/psastras/osu/core/libopenal-prefix/src/libopenal-build/CMakeFiles/CMakeTmp/CMakeFiles 1
Building C object CMakeFiles/cmTryCompileExec.dir/CheckIncludeFiles.c.o
/usr/bin/gcc    -o CMakeFiles/cmTryCompileExec.dir/CheckIncludeFiles.c.o   -c /home/psastras/osu/core/libopenal-prefix/src/libopenal-build/CMakeFiles/CMakeTmp/CheckIncludeFiles.c
/home/psastras/osu/core/libopenal-prefix/src/libopenal-build/CMakeFiles/CMakeTmp/CheckIncludeFiles.c:3:24: error: pthread_np.h: No such file or directory
make[4]: *** [CMakeFiles/cmTryCompileExec.dir/CheckIncludeFiles.c.o] Error 1
make[4]: Leaving directory `/gpfs/main/home/psastras/osu/core/libopenal-prefix/src/libopenal-build/CMakeFiles/CMakeTmp'
make[3]: *** [cmTryCompileExec/fast] Error 2
make[3]: Leaving directory `/gpfs/main/home/psastras/osu/core/libopenal-prefix/src/libopenal-build/CMakeFiles/CMakeTmp'

Source:
/* */
#include <pthread.h>
#include <pthread_np.h>


int main(){return 0;}

Determining if the include file sys/audioio.h exists failed with the following output:
Change Dir: /home/psastras/osu/core/libopenal-prefix/src/libopenal-build/CMakeFiles/CMakeTmp

Run Build Command:/usr/bin/make "cmTryCompileExec/fast"
make[3]: Entering directory `/gpfs/main/home/psastras/osu/core/libopenal-prefix/src/libopenal-build/CMakeFiles/CMakeTmp'
/usr/bin/make -f CMakeFiles/cmTryCompileExec.dir/build.make CMakeFiles/cmTryCompileExec.dir/build
make[4]: Entering directory `/gpfs/main/home/psastras/osu/core/libopenal-prefix/src/libopenal-build/CMakeFiles/CMakeTmp'
/usr/bin/cmake -E cmake_progress_report /home/psastras/osu/core/libopenal-prefix/src/libopenal-build/CMakeFiles/CMakeTmp/CMakeFiles 1
Building C object CMakeFiles/cmTryCompileExec.dir/CheckIncludeFile.c.o
/usr/bin/gcc    -o CMakeFiles/cmTryCompileExec.dir/CheckIncludeFile.c.o   -c /home/psastras/osu/core/libopenal-prefix/src/libopenal-build/CMakeFiles/CMakeTmp/CheckIncludeFile.c
/home/psastras/osu/core/libopenal-prefix/src/libopenal-build/CMakeFiles/CMakeTmp/CheckIncludeFile.c:1:25: error: sys/audioio.h: No such file or directory
make[4]: *** [CMakeFiles/cmTryCompileExec.dir/CheckIncludeFile.c.o] Error 1
make[4]: Leaving directory `/gpfs/main/home/psastras/osu/core/libopenal-prefix/src/libopenal-build/CMakeFiles/CMakeTmp'
make[3]: *** [cmTryCompileExec/fast] Error 2
make[3]: Leaving directory `/gpfs/main/home/psastras/osu/core/libopenal-prefix/src/libopenal-build/CMakeFiles/CMakeTmp'


Determining if the include file dsound.h exists failed with the following output:
Change Dir: /home/psastras/osu/core/libopenal-prefix/src/libopenal-build/CMakeFiles/CMakeTmp

Run Build Command:/usr/bin/make "cmTryCompileExec/fast"
make[3]: Entering directory `/gpfs/main/home/psastras/osu/core/libopenal-prefix/src/libopenal-build/CMakeFiles/CMakeTmp'
/usr/bin/make -f CMakeFiles/cmTryCompileExec.dir/build.make CMakeFiles/cmTryCompileExec.dir/build
make[4]: Entering directory `/gpfs/main/home/psastras/osu/core/libopenal-prefix/src/libopenal-build/CMakeFiles/CMakeTmp'
/usr/bin/cmake -E cmake_progress_report /home/psastras/osu/core/libopenal-prefix/src/libopenal-build/CMakeFiles/CMakeTmp/CMakeFiles 1
Building C object CMakeFiles/cmTryCompileExec.dir/CheckIncludeFile.c.o
/usr/bin/gcc    -o CMakeFiles/cmTryCompileExec.dir/CheckIncludeFile.c.o   -c /home/psastras/osu/core/libopenal-prefix/src/libopenal-build/CMakeFiles/CMakeTmp/CheckIncludeFile.c
/home/psastras/osu/core/libopenal-prefix/src/libopenal-build/CMakeFiles/CMakeTmp/CheckIncludeFile.c:1:20: error: dsound.h: No such file or directory
make[4]: *** [CMakeFiles/cmTryCompileExec.dir/CheckIncludeFile.c.o] Error 1
make[4]: Leaving directory `/gpfs/main/home/psastras/osu/core/libopenal-prefix/src/libopenal-build/CMakeFiles/CMakeTmp'
make[3]: *** [cmTryCompileExec/fast] Error 2
make[3]: Leaving directory `/gpfs/main/home/psastras/osu/core/libopenal-prefix/src/libopenal-build/CMakeFiles/CMakeTmp'


Determining if the include file portaudio.h exists failed with the following output:
Change Dir: /home/psastras/osu/core/libopenal-prefix/src/libopenal-build/CMakeFiles/CMakeTmp

Run Build Command:/usr/bin/make "cmTryCompileExec/fast"
make[3]: Entering directory `/gpfs/main/home/psastras/osu/core/libopenal-prefix/src/libopenal-build/CMakeFiles/CMakeTmp'
/usr/bin/make -f CMakeFiles/cmTryCompileExec.dir/build.make CMakeFiles/cmTryCompileExec.dir/build
make[4]: Entering directory `/gpfs/main/home/psastras/osu/core/libopenal-prefix/src/libopenal-build/CMakeFiles/CMakeTmp'
/usr/bin/cmake -E cmake_progress_report /home/psastras/osu/core/libopenal-prefix/src/libopenal-build/CMakeFiles/CMakeTmp/CMakeFiles 1
Building C object CMakeFiles/cmTryCompileExec.dir/CheckIncludeFile.c.o
/usr/bin/gcc    -o CMakeFiles/cmTryCompileExec.dir/CheckIncludeFile.c.o   -c /home/psastras/osu/core/libopenal-prefix/src/libopenal-build/CMakeFiles/CMakeTmp/CheckIncludeFile.c
/home/psastras/osu/core/libopenal-prefix/src/libopenal-build/CMakeFiles/CMakeTmp/CheckIncludeFile.c:1:23: error: portaudio.h: No such file or directory
make[4]: *** [CMakeFiles/cmTryCompileExec.dir/CheckIncludeFile.c.o] Error 1
make[4]: Leaving directory `/gpfs/main/home/psastras/osu/core/libopenal-prefix/src/libopenal-build/CMakeFiles/CMakeTmp'
make[3]: *** [cmTryCompileExec/fast] Error 2
make[3]: Leaving directory `/gpfs/main/home/psastras/osu/core/libopenal-prefix/src/libopenal-build/CMakeFiles/CMakeTmp'


